d:\cg\ray\assignment2\debug\vc142.pdb
d:\cg\ray\assignment2\debug\vc142.idb
d:\cg\ray\assignment2\debug\sphere.obj
d:\cg\ray\assignment2\debug\sceneparser.obj
d:\cg\ray\assignment2\debug\orthographiccamera.obj
d:\cg\ray\assignment2\debug\object3d.obj
d:\cg\ray\assignment2\debug\matrix.obj
d:\cg\ray\assignment2\debug\image.obj
d:\cg\ray\assignment2\debug\group.obj
d:\cg\ray\assignment2\debug\camera.obj
d:\cg\ray\assignment2\debug\assignment2.obj
d:\cg\ray\assignment2\debug\assignment2.exe
d:\cg\ray\assignment2\debug\assignment2.ilk
d:\cg\ray\assignment2\debug\assignment2.pdb
d:\cg\ray\assignment2\debug\assignment2.obj.enc
d:\cg\ray\assignment2\debug\assignment2.tlog\cl.command.1.tlog
d:\cg\ray\assignment2\debug\assignment2.tlog\cl.read.1.tlog
d:\cg\ray\assignment2\debug\assignment2.tlog\cl.write.1.tlog
d:\cg\ray\assignment2\debug\assignment2.tlog\link.command.1.tlog
d:\cg\ray\assignment2\debug\assignment2.tlog\link.read.1.tlog
d:\cg\ray\assignment2\debug\assignment2.tlog\link.write.1.tlog
